<?xml version="1.0" encoding="UTF-8"?>
<!-- Generated by org.testng.reporters.JUnitReportReporter -->
<testsuite hostname="DESKTOP-7PVN15M" failures="0" tests="1" name="apipackage.TC001_GetRequest" time="0.324" errors="0" timestamp="19 Aug 2020 17:28:27 GMT" skipped="0">
  <testcase classname="apipackage.TC001_GetRequest" name="UserDetails" time="0.324"/>
</testsuite> <!-- apipackage.TC001_GetRequest -->
