<?xml version="1.0" encoding="UTF-8"?>
<!-- Generated by org.testng.reporters.JUnitReportReporter -->
<testsuite hostname="DESKTOP-7PVN15M" failures="0" tests="1" name="apipackage.TC002_PostRequest" time="0.784" errors="0" timestamp="19 Aug 2020 10:11:03 GMT" skipped="0">
  <testcase classname="apipackage.TC002_PostRequest" name="UserDetails" time="0.784"/>
</testsuite> <!-- apipackage.TC002_PostRequest -->
