<?xml version="1.0" encoding="UTF-8"?>
<!-- Generated by org.testng.reporters.JUnitReportReporter -->
<testsuite hostname="DESKTOP-7PVN15M" failures="0" tests="1" name="apipackage.TC004_jsonresponse" time="3.489" errors="0" timestamp="18 Aug 2020 11:47:14 GMT" skipped="0">
  <testcase classname="apipackage.TC004_jsonresponse" name="jsonresponse" time="3.489"/>
</testsuite> <!-- apipackage.TC004_jsonresponse -->
