<?xml version="1.0" encoding="UTF-8"?>
<!-- Generated by org.testng.reporters.JUnitReportReporter -->
<testsuite hostname="DESKTOP-7PVN15M" failures="0" tests="1" name="apipackage.TC006_Authorization" time="2.161" errors="0" timestamp="19 Aug 2020 10:11:03 GMT" skipped="0">
  <testcase classname="apipackage.TC006_Authorization" name="Authorization" time="2.161"/>
</testsuite> <!-- apipackage.TC006_Authorization -->
