<?xml version="1.0" encoding="UTF-8"?>
<!-- Generated by org.testng.reporters.JUnitReportReporter -->
<testsuite hostname="DESKTOP-7PVN15M" failures="0" tests="5" name="apipackage.TC_DataDrivenAPI" time="3.717" errors="0" timestamp="19 Aug 2020 17:28:27 GMT" skipped="0">
  <testcase classname="apipackage.TC_DataDrivenAPI" name="TestData" time="0.749"/>
  <testcase classname="apipackage.TC_DataDrivenAPI" name="TestData" time="0.717"/>
  <testcase classname="apipackage.TC_DataDrivenAPI" name="TestData" time="0.717"/>
  <testcase classname="apipackage.TC_DataDrivenAPI" name="TestData" time="0.743"/>
  <testcase classname="apipackage.TC_DataDrivenAPI" name="TestData" time="0.791"/>
</testsuite> <!-- apipackage.TC_DataDrivenAPI -->
