<?xml version="1.0" encoding="UTF-8"?>
<!-- Generated by org.testng.reporters.JUnitReportReporter -->
<testsuite hostname="DESKTOP-7PVN15M" failures="0" tests="5" name="apipackage.TC_DataDrivenAPI" time="9.153" errors="0" timestamp="19 Aug 2020 05:41:05 GMT" skipped="0">
  <testcase classname="apipackage.TC_DataDrivenAPI" name="UserDetails" time="0.726"/>
  <testcase classname="apipackage.TC_DataDrivenAPI" name="UserDetails" time="6.261"/>
  <testcase classname="apipackage.TC_DataDrivenAPI" name="UserDetails" time="0.753"/>
  <testcase classname="apipackage.TC_DataDrivenAPI" name="UserDetails" time="0.729"/>
  <testcase classname="apipackage.TC_DataDrivenAPI" name="UserDetails" time="0.684"/>
</testsuite> <!-- apipackage.TC_DataDrivenAPI -->
