<?xml version="1.0" encoding="UTF-8"?>
<!-- Generated by org.testng.reporters.JUnitReportReporter -->
<testsuite hostname="DESKTOP-7PVN15M" failures="0" tests="1" name="apipackage.TC007_JsonFilePayload" time="4.457" errors="0" timestamp="18 Aug 2020 18:01:46 GMT" skipped="0">
  <testcase classname="apipackage.TC007_JsonFilePayload" name="UserDetails" time="4.457"/>
</testsuite> <!-- apipackage.TC007_JsonFilePayload -->
