<?xml version="1.0" encoding="UTF-8"?>
<!-- Generated by org.testng.reporters.JUnitReportReporter -->
<testsuite hostname="DESKTOP-7PVN15M" failures="0" tests="5" name="apipackage.TC_DataDrivenAPI" time="3.650" errors="0" timestamp="19 Aug 2020 10:11:03 GMT" skipped="0">
  <testcase classname="apipackage.TC_DataDrivenAPI" name="TestData" time="0.742"/>
  <testcase classname="apipackage.TC_DataDrivenAPI" name="TestData" time="0.732"/>
  <testcase classname="apipackage.TC_DataDrivenAPI" name="TestData" time="0.726"/>
  <testcase classname="apipackage.TC_DataDrivenAPI" name="TestData" time="0.733"/>
  <testcase classname="apipackage.TC_DataDrivenAPI" name="TestData" time="0.717"/>
</testsuite> <!-- apipackage.TC_DataDrivenAPI -->
