<?xml version="1.0" encoding="UTF-8"?>
<!-- Generated by org.testng.reporters.JUnitReportReporter -->
<testsuite hostname="DESKTOP-7PVN15M" failures="0" tests="5" name="apipackage.TC_DataDrivenAPI" time="3.571" errors="0" timestamp="19 Aug 2020 17:51:54 GMT" skipped="0">
  <testcase classname="apipackage.TC_DataDrivenAPI" name="TestData" time="0.698"/>
  <testcase classname="apipackage.TC_DataDrivenAPI" name="TestData" time="0.715"/>
  <testcase classname="apipackage.TC_DataDrivenAPI" name="TestData" time="0.707"/>
  <testcase classname="apipackage.TC_DataDrivenAPI" name="TestData" time="0.751"/>
  <testcase classname="apipackage.TC_DataDrivenAPI" name="TestData" time="0.700"/>
</testsuite> <!-- apipackage.TC_DataDrivenAPI -->
