<?xml version="1.0" encoding="UTF-8"?>
<!-- Generated by org.testng.reporters.JUnitReportReporter -->
<testsuite hostname="DESKTOP-7PVN15M" failures="0" tests="1" name="apipackage.TC002_PostRequest" time="4.527" errors="0" timestamp="18 Aug 2020 17:54:51 GMT" skipped="0">
  <testcase classname="apipackage.TC002_PostRequest" name="UserDetails" time="4.527"/>
</testsuite> <!-- apipackage.TC002_PostRequest -->
