<?xml version="1.0" encoding="UTF-8"?>
<!-- Generated by org.testng.reporters.JUnitReportReporter -->
<testsuite hostname="DESKTOP-7PVN15M" failures="0" tests="1" name="apipackage.TC004_jsonresponse" time="0.311" errors="0" timestamp="19 Aug 2020 17:51:54 GMT" skipped="0">
  <testcase classname="apipackage.TC004_jsonresponse" name="jsonresponse" time="0.311"/>
</testsuite> <!-- apipackage.TC004_jsonresponse -->
