<?xml version="1.0" encoding="UTF-8"?>
<!-- Generated by org.testng.reporters.JUnitReportReporter -->
<testsuite hostname="DESKTOP-7PVN15M" failures="0" tests="5" name="apipackage.TC_DataDrivenAPI" time="6.472" errors="0" timestamp="19 Aug 2020 04:46:09 GMT" skipped="0">
  <testcase classname="apipackage.TC_DataDrivenAPI" name="UserDetails" time="3.544"/>
  <testcase classname="apipackage.TC_DataDrivenAPI" name="UserDetails" time="0.717"/>
  <testcase classname="apipackage.TC_DataDrivenAPI" name="UserDetails" time="0.738"/>
  <testcase classname="apipackage.TC_DataDrivenAPI" name="UserDetails" time="0.706"/>
  <testcase classname="apipackage.TC_DataDrivenAPI" name="UserDetails" time="0.767"/>
</testsuite> <!-- apipackage.TC_DataDrivenAPI -->
