<?xml version="1.0" encoding="UTF-8"?>
<!-- Generated by org.testng.reporters.JUnitReportReporter -->
<testsuite hostname="DESKTOP-7PVN15M" failures="0" tests="5" name="apipackage.TC_DataDrivenAPI" time="5.578" errors="0" timestamp="19 Aug 2020 08:56:39 GMT" skipped="0">
  <testcase classname="apipackage.TC_DataDrivenAPI" name="TestData" time="0.784"/>
  <testcase classname="apipackage.TC_DataDrivenAPI" name="TestData" time="0.545"/>
  <testcase classname="apipackage.TC_DataDrivenAPI" name="TestData" time="2.817"/>
  <testcase classname="apipackage.TC_DataDrivenAPI" name="TestData" time="0.721"/>
  <testcase classname="apipackage.TC_DataDrivenAPI" name="TestData" time="0.711"/>
</testsuite> <!-- apipackage.TC_DataDrivenAPI -->
