<?xml version="1.0" encoding="UTF-8"?>
<!-- Generated by org.testng.reporters.JUnitReportReporter -->
<testsuite hostname="DESKTOP-7PVN15M" failures="0" tests="1" name="apipackage.TC003_HeaderResponse" time="3.332" errors="0" timestamp="17 Aug 2020 12:08:38 GMT" skipped="0">
  <testcase classname="apipackage.TC003_HeaderResponse" name="HeaderResponse" time="3.332"/>
</testsuite> <!-- apipackage.TC003_HeaderResponse -->
