<?xml version="1.0" encoding="UTF-8"?>
<!-- Generated by org.testng.reporters.JUnitReportReporter -->
<testsuite hostname="DESKTOP-7PVN15M" failures="0" tests="1" name="apipackage.TC006_Authorization" time="7.239" errors="0" timestamp="18 Aug 2020 17:44:57 GMT" skipped="0">
  <testcase classname="apipackage.TC006_Authorization" name="Authorization" time="7.239"/>
</testsuite> <!-- apipackage.TC006_Authorization -->
