<?xml version="1.0" encoding="UTF-8"?>
<!-- Generated by org.testng.reporters.JUnitReportReporter -->
<testsuite hostname="DESKTOP-7PVN15M" failures="0" tests="1" name="apipackage.TC001_GetRequest" time="4.189" errors="0" timestamp="16 Aug 2020 17:20:48 GMT" skipped="0">
  <testcase classname="apipackage.TC001_GetRequest" name="UserDetails" time="4.189"/>
</testsuite> <!-- apipackage.TC001_GetRequest -->
